c:\users\ayman\desktop\primitive_drawing - opengl 3.3+ std\primitive_drawing\debug\vc120.pdb
c:\users\ayman\desktop\primitive_drawing - opengl 3.3+ std\primitive_drawing\debug\vc120.idb
c:\users\ayman\desktop\primitive_drawing - opengl 3.3+ std\primitive_drawing\debug\main.obj
c:\users\ayman\desktop\primitive_drawing - opengl 3.3+ std\primitive_drawing\debug\renderer.obj
c:\users\ayman\desktop\primitive_drawing - opengl 3.3+ std\primitive_drawing\debug\shader.obj
c:\users\ayman\desktop\primitive_drawing - opengl 3.3+ std\primitive_drawing\debug\camera.obj
c:\users\ayman\desktop\primitive_drawing - opengl 3.3+ std\primitive_drawing\debug\stb_image.obj
c:\users\ayman\desktop\primitive_drawing - opengl 3.3+ std\primitive_drawing\debug\texture.obj
c:\users\ayman\desktop\primitive_drawing - opengl 3.3+ std\primitive_drawing\debug\applicationmanager.obj
c:\users\ayman\desktop\primitive_drawing - opengl 3.3+ std\primitive_drawing\debug\model.obj
c:\users\ayman\desktop\primitive_drawing - opengl 3.3+ std\primitive_drawing\debug\objloader.obj
e:\fcis\3rd\2nd term\graphics\project\primitive_drawing - opengl 3.3+ std\primitive_drawing\debug\vc120.pdb
e:\fcis\3rd\2nd term\graphics\project\primitive_drawing - opengl 3.3+ std\primitive_drawing\debug\vc120.idb
e:\fcis\3rd\2nd term\graphics\project\primitive_drawing - opengl 3.3+ std\primitive_drawing\debug\applicationmanager.obj
e:\fcis\3rd\2nd term\graphics\project\primitive_drawing - opengl 3.3+ std\primitive_drawing\debug\camera.obj
e:\fcis\3rd\2nd term\graphics\project\primitive_drawing - opengl 3.3+ std\primitive_drawing\debug\main.obj
e:\fcis\3rd\2nd term\graphics\project\primitive_drawing - opengl 3.3+ std\primitive_drawing\debug\model.obj
e:\fcis\3rd\2nd term\graphics\project\primitive_drawing - opengl 3.3+ std\primitive_drawing\debug\objloader.obj
e:\fcis\3rd\2nd term\graphics\project\primitive_drawing - opengl 3.3+ std\primitive_drawing\debug\renderer.obj
e:\fcis\3rd\2nd term\graphics\project\primitive_drawing - opengl 3.3+ std\primitive_drawing\debug\shader.obj
e:\fcis\3rd\2nd term\graphics\project\primitive_drawing - opengl 3.3+ std\primitive_drawing\debug\texture.obj
e:\fcis\3rd\2nd term\graphics\project\primitive_drawing - opengl 3.3+ std\primitive_drawing\debug\stb_image.obj
c:\users\ayman\desktop\primitive_drawing - opengl 3.3+ std\debug\primitive_drawing.ilk
c:\users\ayman\desktop\primitive_drawing - opengl 3.3+ std\debug\primitive_drawing.exe
c:\users\ayman\desktop\primitive_drawing - opengl 3.3+ std\debug\primitive_drawing.pdb
e:\fcis\3rd\2nd term\graphics\project\primitive_drawing - opengl 3.3+ std\debug\primitive_drawing.ilk
e:\fcis\3rd\2nd term\graphics\project\primitive_drawing - opengl 3.3+ std\debug\primitive_drawing.exe
e:\fcis\3rd\2nd term\graphics\project\primitive_drawing - opengl 3.3+ std\debug\primitive_drawing.pdb
e:\fcis\3rd\2nd term\graphics\project\primitive_drawing - opengl 3.3+ std\primitive_drawing\debug\primitiv.f9def291.tlog\cl.command.1.tlog
e:\fcis\3rd\2nd term\graphics\project\primitive_drawing - opengl 3.3+ std\primitive_drawing\debug\primitiv.f9def291.tlog\cl.read.1.tlog
e:\fcis\3rd\2nd term\graphics\project\primitive_drawing - opengl 3.3+ std\primitive_drawing\debug\primitiv.f9def291.tlog\cl.write.1.tlog
e:\fcis\3rd\2nd term\graphics\project\primitive_drawing - opengl 3.3+ std\primitive_drawing\debug\primitiv.f9def291.tlog\link.command.1.tlog
e:\fcis\3rd\2nd term\graphics\project\primitive_drawing - opengl 3.3+ std\primitive_drawing\debug\primitiv.f9def291.tlog\link.read.1.tlog
e:\fcis\3rd\2nd term\graphics\project\primitive_drawing - opengl 3.3+ std\primitive_drawing\debug\primitiv.f9def291.tlog\link.write.1.tlog
